app/build/intermediates/manifest_merge_blame_file/debug/processDebugMainManifest/manifest-merger-blame-debug-report.txt
1<?xml version="1.0" encoding="utf-8"?>
2<manifest xmlns:android="http://schemas.android.com/apk/res/android"
3    package="com.expensetracker"
4    android:versionCode="1"
5    android:versionName="1.0" >
6
7    <uses-sdk
8        android:minSdkVersion="26"
9        android:targetSdkVersion="34" />
10
11    <uses-permission android:name="android.permission.RECEIVE_SMS" />
11-->src/main/AndroidManifest.xml:4:5-70
11-->src/main/AndroidManifest.xml:4:22-67
12    <uses-permission android:name="android.permission.READ_SMS" />
12-->src/main/AndroidManifest.xml:5:5-67
12-->src/main/AndroidManifest.xml:5:22-64
13    <uses-permission android:name="android.permission.POST_NOTIFICATIONS" />
13-->src/main/AndroidManifest.xml:6:5-77
13-->src/main/AndroidManifest.xml:6:22-74
14    <uses-permission android:name="android.permission.FOREGROUND_SERVICE" />
14-->src/main/AndroidManifest.xml:7:5-77
14-->src/main/AndroidManifest.xml:7:22-74
15    <uses-permission android:name="android.permission.WAKE_LOCK" />
15-->[androidx.work:work-runtime:2.9.0] AndroidManifest.xml:23:5-68
15-->[androidx.work:work-runtime:2.9.0] AndroidManifest.xml:23:22-65
16    <uses-permission android:name="android.permission.ACCESS_NETWORK_STATE" />
16-->[androidx.work:work-runtime:2.9.0] AndroidManifest.xml:24:5-79
16-->[androidx.work:work-runtime:2.9.0] AndroidManifest.xml:24:22-76
17    <uses-permission android:name="android.permission.RECEIVE_BOOT_COMPLETED" />
17-->[androidx.work:work-runtime:2.9.0] AndroidManifest.xml:25:5-81
17-->[androidx.work:work-runtime:2.9.0] AndroidManifest.xml:25:22-78
18
19    <permission
19-->[androidx.core:core:1.12.0] AndroidManifest.xml:22:5-24:47
20        android:name="com.expensetracker.DYNAMIC_RECEIVER_NOT_EXPORTED_PERMISSION"
20-->[androidx.core:core:1.12.0] AndroidManifest.xml:23:9-81
21        android:protectionLevel="signature" />
21-->[androidx.core:core:1.12.0] AndroidManifest.xml:24:9-44
22
23    <uses-permission android:name="com.expensetracker.DYNAMIC_RECEIVER_NOT_EXPORTED_PERMISSION" />
23-->[androidx.core:core:1.12.0] AndroidManifest.xml:26:5-97
23-->[androidx.core:core:1.12.0] AndroidManifest.xml:26:22-94
24
25    <application
25-->src/main/AndroidManifest.xml:9:5-36:19
26        android:allowBackup="true"
26-->src/main/AndroidManifest.xml:10:9-35
27        android:appComponentFactory="androidx.core.app.CoreComponentFactory"
27-->[androidx.core:core:1.12.0] AndroidManifest.xml:28:18-86
28        android:debuggable="true"
29        android:extractNativeLibs="false"
30        android:icon="@android:drawable/sym_def_app_icon"
30-->src/main/AndroidManifest.xml:11:9-58
31        android:label="Expense Tracker"
31-->src/main/AndroidManifest.xml:12:9-40
32        android:supportsRtl="true"
32-->src/main/AndroidManifest.xml:14:9-35
33        android:theme="@style/Theme.ExpenseTracker" >
33-->src/main/AndroidManifest.xml:13:9-52
34        <activity
34-->src/main/AndroidManifest.xml:16:9-23:20
35            android:name="com.expensetracker.MainActivity"
35-->src/main/AndroidManifest.xml:17:13-41
36            android:exported="true" >
36-->src/main/AndroidManifest.xml:18:13-36
37            <intent-filter>
37-->src/main/AndroidManifest.xml:19:13-22:29
38                <action android:name="android.intent.action.MAIN" />
38-->src/main/AndroidManifest.xml:20:17-69
38-->src/main/AndroidManifest.xml:20:25-66
39
40                <category android:name="android.intent.category.LAUNCHER" />
40-->src/main/AndroidManifest.xml:21:17-77
40-->src/main/AndroidManifest.xml:21:27-74
41            </intent-filter>
42        </activity>
43        <activity
43-->src/main/AndroidManifest.xml:25:9-79
44            android:name="com.expensetracker.SettingsActivity"
44-->src/main/AndroidManifest.xml:25:19-51
45            android:exported="false" />
45-->src/main/AndroidManifest.xml:25:52-76
46
47        <receiver
47-->src/main/AndroidManifest.xml:27:9-34:20
48            android:name="com.expensetracker.SmsReceiver"
48-->src/main/AndroidManifest.xml:28:13-40
49            android:exported="true"
49-->src/main/AndroidManifest.xml:29:13-36
50            android:permission="android.permission.BROADCAST_SMS" >
50-->src/main/AndroidManifest.xml:30:13-66
51            <intent-filter android:priority="999" >
51-->src/main/AndroidManifest.xml:31:13-33:29
51-->src/main/AndroidManifest.xml:31:28-50
52                <action android:name="android.provider.Telephony.SMS_RECEIVED" />
52-->src/main/AndroidManifest.xml:32:17-82
52-->src/main/AndroidManifest.xml:32:25-79
53            </intent-filter>
54        </receiver>
55
56        <provider
56-->[androidx.emoji2:emoji2:1.2.0] AndroidManifest.xml:24:9-32:20
57            android:name="androidx.startup.InitializationProvider"
57-->[androidx.emoji2:emoji2:1.2.0] AndroidManifest.xml:25:13-67
58            android:authorities="com.expensetracker.androidx-startup"
58-->[androidx.emoji2:emoji2:1.2.0] AndroidManifest.xml:26:13-68
59            android:exported="false" >
59-->[androidx.emoji2:emoji2:1.2.0] AndroidManifest.xml:27:13-37
60            <meta-data
60-->[androidx.emoji2:emoji2:1.2.0] AndroidManifest.xml:29:13-31:52
61                android:name="androidx.emoji2.text.EmojiCompatInitializer"
61-->[androidx.emoji2:emoji2:1.2.0] AndroidManifest.xml:30:17-75
62                android:value="androidx.startup" />
62-->[androidx.emoji2:emoji2:1.2.0] AndroidManifest.xml:31:17-49
63            <meta-data
63-->[androidx.work:work-runtime:2.9.0] AndroidManifest.xml:34:13-36:52
64                android:name="androidx.work.WorkManagerInitializer"
64-->[androidx.work:work-runtime:2.9.0] AndroidManifest.xml:35:17-68
65                android:value="androidx.startup" />
65-->[androidx.work:work-runtime:2.9.0] AndroidManifest.xml:36:17-49
66            <meta-data
66-->[androidx.lifecycle:lifecycle-process:2.7.0] AndroidManifest.xml:29:13-31:52
67                android:name="androidx.lifecycle.ProcessLifecycleInitializer"
67-->[androidx.lifecycle:lifecycle-process:2.7.0] AndroidManifest.xml:30:17-78
68                android:value="androidx.startup" />
68-->[androidx.lifecycle:lifecycle-process:2.7.0] AndroidManifest.xml:31:17-49
69            <meta-data
69-->[androidx.profileinstaller:profileinstaller:1.3.0] AndroidManifest.xml:29:13-31:52
70                android:name="androidx.profileinstaller.ProfileInstallerInitializer"
70-->[androidx.profileinstaller:profileinstaller:1.3.0] AndroidManifest.xml:30:17-85
71                android:value="androidx.startup" />
71-->[androidx.profileinstaller:profileinstaller:1.3.0] AndroidManifest.xml:31:17-49
72        </provider>
73
74        <service
74-->[androidx.work:work-runtime:2.9.0] AndroidManifest.xml:39:9-45:35
75            android:name="androidx.work.impl.background.systemalarm.SystemAlarmService"
75-->[androidx.work:work-runtime:2.9.0] AndroidManifest.xml:40:13-88
76            android:directBootAware="false"
76-->[androidx.work:work-runtime:2.9.0] AndroidManifest.xml:41:13-44
77            android:enabled="@bool/enable_system_alarm_service_default"
77-->[androidx.work:work-runtime:2.9.0] AndroidManifest.xml:42:13-72
78            android:exported="false" />
78-->[androidx.work:work-runtime:2.9.0] AndroidManifest.xml:43:13-37
79        <service
79-->[androidx.work:work-runtime:2.9.0] AndroidManifest.xml:46:9-52:35
80            android:name="androidx.work.impl.background.systemjob.SystemJobService"
80-->[androidx.work:work-runtime:2.9.0] AndroidManifest.xml:47:13-84
81            android:directBootAware="false"
81-->[androidx.work:work-runtime:2.9.0] AndroidManifest.xml:48:13-44
82            android:enabled="@bool/enable_system_job_service_default"
82-->[androidx.work:work-runtime:2.9.0] AndroidManifest.xml:49:13-70
83            android:exported="true"
83-->[androidx.work:work-runtime:2.9.0] AndroidManifest.xml:50:13-36
84            android:permission="android.permission.BIND_JOB_SERVICE" />
84-->[androidx.work:work-runtime:2.9.0] AndroidManifest.xml:51:13-69
85        <service
85-->[androidx.work:work-runtime:2.9.0] AndroidManifest.xml:53:9-59:35
86            android:name="androidx.work.impl.foreground.SystemForegroundService"
86-->[androidx.work:work-runtime:2.9.0] AndroidManifest.xml:54:13-81
87            android:directBootAware="false"
87-->[androidx.work:work-runtime:2.9.0] AndroidManifest.xml:55:13-44
88            android:enabled="@bool/enable_system_foreground_service_default"
88-->[androidx.work:work-runtime:2.9.0] AndroidManifest.xml:56:13-77
89            android:exported="false" />
89-->[androidx.work:work-runtime:2.9.0] AndroidManifest.xml:57:13-37
90
91        <receiver
91-->[androidx.work:work-runtime:2.9.0] AndroidManifest.xml:61:9-66:35
92            android:name="androidx.work.impl.utils.ForceStopRunnable$BroadcastReceiver"
92-->[androidx.work:work-runtime:2.9.0] AndroidManifest.xml:62:13-88
93            android:directBootAware="false"
93-->[androidx.work:work-runtime:2.9.0] AndroidManifest.xml:63:13-44
94            android:enabled="true"
94-->[androidx.work:work-runtime:2.9.0] AndroidManifest.xml:64:13-35
95            android:exported="false" />
95-->[androidx.work:work-runtime:2.9.0] AndroidManifest.xml:65:13-37
96        <receiver
96-->[androidx.work:work-runtime:2.9.0] AndroidManifest.xml:67:9-77:20
97            android:name="androidx.work.impl.background.systemalarm.ConstraintProxy$BatteryChargingProxy"
97-->[androidx.work:work-runtime:2.9.0] AndroidManifest.xml:68:13-106
98            android:directBootAware="false"
98-->[androidx.work:work-runtime:2.9.0] AndroidManifest.xml:69:13-44
99            android:enabled="false"
99-->[androidx.work:work-runtime:2.9.0] AndroidManifest.xml:70:13-36
100            android:exported="false" >
100-->[androidx.work:work-runtime:2.9.0] AndroidManifest.xml:71:13-37
101            <intent-filter>
101-->[androidx.work:work-runtime:2.9.0] AndroidManifest.xml:73:13-76:29
102                <action android:name="android.intent.action.ACTION_POWER_CONNECTED" />
102-->[androidx.work:work-runtime:2.9.0] AndroidManifest.xml:74:17-87
102-->[androidx.work:work-runtime:2.9.0] AndroidManifest.xml:74:25-84
103                <action android:name="android.intent.action.ACTION_POWER_DISCONNECTED" />
103-->[androidx.work:work-runtime:2.9.0] AndroidManifest.xml:75:17-90
103-->[androidx.work:work-runtime:2.9.0] AndroidManifest.xml:75:25-87
104            </intent-filter>
105        </receiver>
106        <receiver
106-->[androidx.work:work-runtime:2.9.0] AndroidManifest.xml:78:9-88:20
107            android:name="androidx.work.impl.background.systemalarm.ConstraintProxy$BatteryNotLowProxy"
107-->[androidx.work:work-runtime:2.9.0] AndroidManifest.xml:79:13-104
108            android:directBootAware="false"
108-->[androidx.work:work-runtime:2.9.0] AndroidManifest.xml:80:13-44
109            android:enabled="false"
109-->[androidx.work:work-runtime:2.9.0] AndroidManifest.xml:81:13-36
110            android:exported="false" >
110-->[androidx.work:work-runtime:2.9.0] AndroidManifest.xml:82:13-37
111            <intent-filter>
111-->[androidx.work:work-runtime:2.9.0] AndroidManifest.xml:84:13-87:29
112                <action android:name="android.intent.action.BATTERY_OKAY" />
112-->[androidx.work:work-runtime:2.9.0] AndroidManifest.xml:85:17-77
112-->[androidx.work:work-runtime:2.9.0] AndroidManifest.xml:85:25-74
113                <action android:name="android.intent.action.BATTERY_LOW" />
113-->[androidx.work:work-runtime:2.9.0] AndroidManifest.xml:86:17-76
113-->[androidx.work:work-runtime:2.9.0] AndroidManifest.xml:86:25-73
114            </intent-filter>
115        </receiver>
116        <receiver
116-->[androidx.work:work-runtime:2.9.0] AndroidManifest.xml:89:9-99:20
117            android:name="androidx.work.impl.background.systemalarm.ConstraintProxy$StorageNotLowProxy"
117-->[androidx.work:work-runtime:2.9.0] AndroidManifest.xml:90:13-104
118            android:directBootAware="false"
118-->[androidx.work:work-runtime:2.9.0] AndroidManifest.xml:91:13-44
119            android:enabled="false"
119-->[androidx.work:work-runtime:2.9.0] AndroidManifest.xml:92:13-36
120            android:exported="false" >
120-->[androidx.work:work-runtime:2.9.0] AndroidManifest.xml:93:13-37
121            <intent-filter>
121-->[androidx.work:work-runtime:2.9.0] AndroidManifest.xml:95:13-98:29
122                <action android:name="android.intent.action.DEVICE_STORAGE_LOW" />
122-->[androidx.work:work-runtime:2.9.0] AndroidManifest.xml:96:17-83
122-->[androidx.work:work-runtime:2.9.0] AndroidManifest.xml:96:25-80
123                <action android:name="android.intent.action.DEVICE_STORAGE_OK" />
123-->[androidx.work:work-runtime:2.9.0] AndroidManifest.xml:97:17-82
123-->[androidx.work:work-runtime:2.9.0] AndroidManifest.xml:97:25-79
124            </intent-filter>
125        </receiver>
126        <receiver
126-->[androidx.work:work-runtime:2.9.0] AndroidManifest.xml:100:9-109:20
127            android:name="androidx.work.impl.background.systemalarm.ConstraintProxy$NetworkStateProxy"
127-->[androidx.work:work-runtime:2.9.0] AndroidManifest.xml:101:13-103
128            android:directBootAware="false"
128-->[androidx.work:work-runtime:2.9.0] AndroidManifest.xml:102:13-44
129            android:enabled="false"
129-->[androidx.work:work-runtime:2.9.0] AndroidManifest.xml:103:13-36
130            android:exported="false" >
130-->[androidx.work:work-runtime:2.9.0] AndroidManifest.xml:104:13-37
131            <intent-filter>
131-->[androidx.work:work-runtime:2.9.0] AndroidManifest.xml:106:13-108:29
132                <action android:name="android.net.conn.CONNECTIVITY_CHANGE" />
132-->[androidx.work:work-runtime:2.9.0] AndroidManifest.xml:107:17-79
132-->[androidx.work:work-runtime:2.9.0] AndroidManifest.xml:107:25-76
133            </intent-filter>
134        </receiver>
135        <receiver
135-->[androidx.work:work-runtime:2.9.0] AndroidManifest.xml:110:9-121:20
136            android:name="androidx.work.impl.background.systemalarm.RescheduleReceiver"
136-->[androidx.work:work-runtime:2.9.0] AndroidManifest.xml:111:13-88
137            android:directBootAware="false"
137-->[androidx.work:work-runtime:2.9.0] AndroidManifest.xml:112:13-44
138            android:enabled="false"
138-->[androidx.work:work-runtime:2.9.0] AndroidManifest.xml:113:13-36
139            android:exported="false" >
139-->[androidx.work:work-runtime:2.9.0] AndroidManifest.xml:114:13-37
140            <intent-filter>
140-->[androidx.work:work-runtime:2.9.0] AndroidManifest.xml:116:13-120:29
141                <action android:name="android.intent.action.BOOT_COMPLETED" />
141-->[androidx.work:work-runtime:2.9.0] AndroidManifest.xml:117:17-79
141-->[androidx.work:work-runtime:2.9.0] AndroidManifest.xml:117:25-76
142                <action android:name="android.intent.action.TIME_SET" />
142-->[androidx.work:work-runtime:2.9.0] AndroidManifest.xml:118:17-73
142-->[androidx.work:work-runtime:2.9.0] AndroidManifest.xml:118:25-70
143                <action android:name="android.intent.action.TIMEZONE_CHANGED" />
143-->[androidx.work:work-runtime:2.9.0] AndroidManifest.xml:119:17-81
143-->[androidx.work:work-runtime:2.9.0] AndroidManifest.xml:119:25-78
144            </intent-filter>
145        </receiver>
146        <receiver
146-->[androidx.work:work-runtime:2.9.0] AndroidManifest.xml:122:9-131:20
147            android:name="androidx.work.impl.background.systemalarm.ConstraintProxyUpdateReceiver"
147-->[androidx.work:work-runtime:2.9.0] AndroidManifest.xml:123:13-99
148            android:directBootAware="false"
148-->[androidx.work:work-runtime:2.9.0] AndroidManifest.xml:124:13-44
149            android:enabled="@bool/enable_system_alarm_service_default"
149-->[androidx.work:work-runtime:2.9.0] AndroidManifest.xml:125:13-72
150            android:exported="false" >
150-->[androidx.work:work-runtime:2.9.0] AndroidManifest.xml:126:13-37
151            <intent-filter>
151-->[androidx.work:work-runtime:2.9.0] AndroidManifest.xml:128:13-130:29
152                <action android:name="androidx.work.impl.background.systemalarm.UpdateProxies" />
152-->[androidx.work:work-runtime:2.9.0] AndroidManifest.xml:129:17-98
152-->[androidx.work:work-runtime:2.9.0] AndroidManifest.xml:129:25-95
153            </intent-filter>
154        </receiver>
155        <receiver
155-->[androidx.work:work-runtime:2.9.0] AndroidManifest.xml:132:9-142:20
156            android:name="androidx.work.impl.diagnostics.DiagnosticsReceiver"
156-->[androidx.work:work-runtime:2.9.0] AndroidManifest.xml:133:13-78
157            android:directBootAware="false"
157-->[androidx.work:work-runtime:2.9.0] AndroidManifest.xml:134:13-44
158            android:enabled="true"
158-->[androidx.work:work-runtime:2.9.0] AndroidManifest.xml:135:13-35
159            android:exported="true"
159-->[androidx.work:work-runtime:2.9.0] AndroidManifest.xml:136:13-36
160            android:permission="android.permission.DUMP" >
160-->[androidx.work:work-runtime:2.9.0] AndroidManifest.xml:137:13-57
161            <intent-filter>
161-->[androidx.work:work-runtime:2.9.0] AndroidManifest.xml:139:13-141:29
162                <action android:name="androidx.work.diagnostics.REQUEST_DIAGNOSTICS" />
162-->[androidx.work:work-runtime:2.9.0] AndroidManifest.xml:140:17-88
162-->[androidx.work:work-runtime:2.9.0] AndroidManifest.xml:140:25-85
163            </intent-filter>
164        </receiver>
165
166        <service
166-->[androidx.room:room-runtime:2.6.1] AndroidManifest.xml:24:9-28:63
167            android:name="androidx.room.MultiInstanceInvalidationService"
167-->[androidx.room:room-runtime:2.6.1] AndroidManifest.xml:25:13-74
168            android:directBootAware="true"
168-->[androidx.room:room-runtime:2.6.1] AndroidManifest.xml:26:13-43
169            android:exported="false" />
169-->[androidx.room:room-runtime:2.6.1] AndroidManifest.xml:27:13-37
170
171        <receiver
171-->[androidx.profileinstaller:profileinstaller:1.3.0] AndroidManifest.xml:34:9-52:20
172            android:name="androidx.profileinstaller.ProfileInstallReceiver"
172-->[androidx.profileinstaller:profileinstaller:1.3.0] AndroidManifest.xml:35:13-76
173            android:directBootAware="false"
173-->[androidx.profileinstaller:profileinstaller:1.3.0] AndroidManifest.xml:36:13-44
174            android:enabled="true"
174-->[androidx.profileinstaller:profileinstaller:1.3.0] AndroidManifest.xml:37:13-35
175            android:exported="true"
175-->[androidx.profileinstaller:profileinstaller:1.3.0] AndroidManifest.xml:38:13-36
176            android:permission="android.permission.DUMP" >
176-->[androidx.profileinstaller:profileinstaller:1.3.0] AndroidManifest.xml:39:13-57
177            <intent-filter>
177-->[androidx.profileinstaller:profileinstaller:1.3.0] AndroidManifest.xml:40:13-42:29
178                <action android:name="androidx.profileinstaller.action.INSTALL_PROFILE" />
178-->[androidx.profileinstaller:profileinstaller:1.3.0] AndroidManifest.xml:41:17-91
178-->[androidx.profileinstaller:profileinstaller:1.3.0] AndroidManifest.xml:41:25-88
179            </intent-filter>
180            <intent-filter>
180-->[androidx.profileinstaller:profileinstaller:1.3.0] AndroidManifest.xml:43:13-45:29
181                <action android:name="androidx.profileinstaller.action.SKIP_FILE" />
181-->[androidx.profileinstaller:profileinstaller:1.3.0] AndroidManifest.xml:44:17-85
181-->[androidx.profileinstaller:profileinstaller:1.3.0] AndroidManifest.xml:44:25-82
182            </intent-filter>
183            <intent-filter>
183-->[androidx.profileinstaller:profileinstaller:1.3.0] AndroidManifest.xml:46:13-48:29
184                <action android:name="androidx.profileinstaller.action.SAVE_PROFILE" />
184-->[androidx.profileinstaller:profileinstaller:1.3.0] AndroidManifest.xml:47:17-88
184-->[androidx.profileinstaller:profileinstaller:1.3.0] AndroidManifest.xml:47:25-85
185            </intent-filter>
186            <intent-filter>
186-->[androidx.profileinstaller:profileinstaller:1.3.0] AndroidManifest.xml:49:13-51:29
187                <action android:name="androidx.profileinstaller.action.BENCHMARK_OPERATION" />
187-->[androidx.profileinstaller:profileinstaller:1.3.0] AndroidManifest.xml:50:17-95
187-->[androidx.profileinstaller:profileinstaller:1.3.0] AndroidManifest.xml:50:25-92
188            </intent-filter>
189        </receiver>
190    </application>
191
192</manifest>